TN:
SF:src\App.jsx
FN:1,(empty-report)
FNF:1
FNH:0
FNDA:0,(empty-report)
DA:1,0
DA:6,0
DA:7,0
DA:8,0
DA:9,0
DA:10,0
DA:13,0
LF:7
LH:0
BRDA:1,0,0,0
BRF:1
BRH:0
end_of_record
TN:
SF:src\main.jsx
FN:1,(empty-report)
FNF:1
FNH:0
FNDA:0,(empty-report)
DA:1,0
DA:2,0
DA:3,0
DA:5,0
DA:6,0
DA:7,0
LF:6
LH:0
BRDA:1,0,0,0
BRF:1
BRH:0
end_of_record
TN:
SF:src\components\icons\PlusIcon.jsx
FNF:0
FNH:0
DA:1,1
DA:2,1
DA:3,1
DA:4,1
DA:5,1
DA:6,1
DA:7,1
DA:8,1
DA:9,1
DA:10,1
DA:12,1
DA:13,1
LF:12
LH:12
BRF:0
BRH:0
end_of_record
TN:
SF:src\components\layout\Header.jsx
FN:8,__vite_ssr_import_1__.default.div.theme.theme
FN:17,__vite_ssr_import_1__.default.button.theme.theme
FN:31,Header
FNF:3
FNH:3
FNDA:3,__vite_ssr_import_1__.default.div.theme.theme
FNDA:3,__vite_ssr_import_1__.default.button.theme.theme
FNDA:3,Header
DA:1,1
DA:4,1
DA:8,1
DA:9,1
DA:10,1
DA:12,1
DA:14,1
DA:16,1
DA:17,1
DA:22,1
DA:29,1
DA:31,1
DA:32,3
DA:33,3
DA:34,3
DA:35,3
DA:36,3
DA:40,3
LF:18
LH:18
BRDA:8,0,0,3
BRDA:9,1,0,3
BRDA:17,2,0,3
BRDA:22,3,0,3
BRDA:31,4,0,3
BRF:5
BRH:5
end_of_record
TN:
SF:src\components\layout\Layout.jsx
FNF:0
FNH:0
DA:1,1
DA:3,1
DA:6,1
DA:8,1
DA:12,1
DA:13,1
LF:6
LH:6
BRDA:12,0,0,3
BRF:1
BRH:1
end_of_record
TN:
SF:src\components\layout\Sidebar.jsx
FN:6,__vite_ssr_import_1__.default.div.theme.theme
FN:14,__vite_ssr_import_1__.default.h2.theme.theme
FN:23,__vite_ssr_import_1__.default.li.theme.theme
FN:24,__vite_ssr_import_1__.default.li.$active.$active
FN:28,__vite_ssr_import_1__.default.li.$active.$active
FN:30,__vite_ssr_import_1__.default.li.theme.theme
FN:38,Sidebar
FN:47,onClick
FNF:8
FNH:7
FNDA:3,__vite_ssr_import_1__.default.div.theme.theme
FNDA:3,__vite_ssr_import_1__.default.h2.theme.theme
FNDA:3,__vite_ssr_import_1__.default.li.theme.theme
FNDA:3,__vite_ssr_import_1__.default.li.$active.$active
FNDA:3,__vite_ssr_import_1__.default.li.$active.$active
FNDA:3,__vite_ssr_import_1__.default.li.theme.theme
FNDA:3,Sidebar
FNDA:0,onClick
DA:1,1
DA:3,1
DA:6,1
DA:7,1
DA:10,1
DA:12,1
DA:14,1
DA:15,1
DA:16,1
DA:18,1
DA:20,1
DA:22,1
DA:23,1
DA:24,1
DA:28,1
DA:29,1
DA:30,1
DA:31,1
DA:34,1
DA:36,1
DA:38,1
DA:39,3
DA:40,3
DA:41,3
DA:42,3
DA:43,3
DA:44,3
DA:45,3
DA:46,3
DA:47,3
DA:49,3
DA:50,3
DA:56,3
LF:33
LH:33
BRDA:6,0,0,3
BRDA:7,1,0,3
BRDA:14,2,0,3
BRDA:15,3,0,3
BRDA:23,4,0,3
BRDA:24,5,0,3
BRDA:28,6,0,3
BRDA:29,7,0,0
BRDA:30,8,0,3
BRDA:31,9,0,0
BRDA:34,10,0,3
BRDA:38,11,0,3
BRF:12
BRH:10
end_of_record
TN:
SF:src\components\styled\GlobalStyles.js
FN:1,(empty-report)
FNF:1
FNH:0
FNDA:0,(empty-report)
DA:1,0
DA:2,0
DA:3,0
DA:4,0
DA:5,0
DA:6,0
DA:7,0
DA:8,0
DA:9,0
DA:10,0
DA:11,0
DA:12,0
DA:13,0
DA:14,0
DA:15,0
DA:16,0
DA:17,0
DA:18,0
DA:19,0
DA:20,0
DA:21,0
DA:22,0
DA:23,0
DA:24,0
DA:25,0
DA:26,0
DA:27,0
DA:28,0
DA:29,0
LF:29
LH:0
BRDA:1,0,0,0
BRF:1
BRH:0
end_of_record
TN:
SF:src\components\styled\theme.js
FN:11,spacing
FNF:1
FNH:1
FNDA:24,spacing
DA:1,1
DA:2,1
DA:3,1
DA:4,1
DA:5,1
DA:6,1
DA:7,1
DA:8,1
DA:9,1
DA:10,1
DA:11,1
DA:12,1
DA:13,1
DA:14,1
DA:15,1
DA:16,1
DA:17,1
LF:17
LH:17
BRDA:11,0,0,24
BRF:1
BRH:1
end_of_record
TN:
SF:src\hooks\useTodos.js
FN:4,useTodos
FN:8,fetchTodos
FN:22,addTodo
FN:31,deleteTodo
FNF:4
FNH:4
FNDA:12,useTodos
FNDA:5,fetchTodos
FNDA:1,addTodo
FNDA:1,deleteTodo
DA:1,1
DA:2,1
DA:3,1
DA:4,1
DA:5,12
DA:6,12
DA:7,12
DA:8,12
DA:9,5
DA:10,5
DA:11,5
DA:12,5
DA:13,5
DA:14,1
DA:15,1
DA:16,5
DA:17,5
DA:18,5
DA:19,12
DA:20,12
DA:21,12
DA:22,12
DA:23,1
DA:24,1
DA:25,1
DA:26,1
DA:27,0
DA:28,0
DA:29,12
DA:30,12
DA:31,12
DA:32,1
DA:33,1
DA:34,1
DA:35,1
DA:36,0
DA:37,0
DA:38,12
DA:39,12
DA:40,12
DA:41,5
DA:42,12
DA:43,12
DA:44,12
DA:45,12
LF:45
LH:41
BRDA:4,0,0,12
BRDA:8,1,0,5
BRDA:11,2,0,4
BRDA:11,3,0,3
BRDA:11,4,0,1
BRDA:12,5,0,0
BRDA:13,6,0,1
BRDA:22,7,0,1
BRDA:26,8,0,0
BRDA:25,9,0,1
BRDA:31,10,0,1
BRDA:35,11,0,0
BRDA:34,12,0,1
BRDA:34,13,0,2
BRDA:40,14,0,5
BRF:15
BRH:12
end_of_record
TN:
SF:src\pages\Home\Home.jsx
FN:8,Home
FN:13,handleAddTask
FN:46,onClick
FNF:3
FNH:2
FNDA:3,Home
FNDA:0,handleAddTask
FNDA:1,onClick
DA:1,1
DA:8,1
DA:9,3
DA:10,3
DA:11,3
DA:13,3
DA:14,0
DA:15,0
DA:16,0
DA:18,3
DA:19,3
DA:20,3
DA:21,3
DA:22,3
DA:23,3
DA:25,3
DA:26,3
DA:27,3
DA:28,3
DA:29,1
DA:30,3
DA:31,1
DA:33,3
DA:34,3
DA:35,3
DA:36,3
DA:37,3
DA:38,3
DA:40,3
DA:41,3
DA:42,3
DA:44,3
DA:45,3
DA:46,3
DA:47,3
DA:57,3
LF:36
LH:33
BRDA:8,0,0,3
BRDA:28,1,0,1
BRDA:30,2,0,1
BRDA:46,3,0,1
BRF:4
BRH:4
end_of_record
TN:
SF:src\pages\Home\Home.styles.js
FN:4,__vite_ssr_import_0__.default.div.theme.theme
FN:12,__vite_ssr_import_0__.default.div.theme.theme
FN:13,__vite_ssr_import_0__.default.div.theme.theme
FN:14,__vite_ssr_import_0__.default.div.theme.theme
FN:16,__vite_ssr_import_0__.default.div.theme.theme
FN:26,__vite_ssr_import_0__.default.span.theme.theme
FN:27,__vite_ssr_import_0__.default.span.theme.theme
FNF:7
FNH:7
FNDA:3,__vite_ssr_import_0__.default.div.theme.theme
FNDA:2,__vite_ssr_import_0__.default.div.theme.theme
FNDA:2,__vite_ssr_import_0__.default.div.theme.theme
FNDA:2,__vite_ssr_import_0__.default.div.theme.theme
FNDA:2,__vite_ssr_import_0__.default.div.theme.theme
FNDA:1,__vite_ssr_import_0__.default.span.theme.theme
FNDA:1,__vite_ssr_import_0__.default.span.theme.theme
DA:1,1
DA:2,1
DA:3,1
DA:4,1
DA:5,1
DA:6,1
DA:7,1
DA:8,1
DA:9,1
DA:10,1
DA:11,1
DA:12,1
DA:13,1
DA:14,1
DA:15,1
DA:16,1
DA:17,1
DA:18,1
DA:19,1
DA:20,1
DA:21,1
DA:22,1
DA:23,1
DA:24,1
DA:25,1
DA:26,1
DA:27,1
DA:28,1
DA:29,1
DA:30,1
DA:31,1
DA:32,1
LF:32
LH:32
BRDA:4,0,0,3
BRDA:7,1,0,3
BRDA:12,2,0,2
BRDA:13,3,0,2
BRDA:14,4,0,2
BRDA:16,5,0,2
BRDA:20,6,0,2
BRDA:26,7,0,1
BRDA:27,8,0,1
BRDA:28,9,0,1
BRF:10
BRH:10
end_of_record
TN:
SF:src\services\api.js
FN:1,(empty-report)
FNF:1
FNH:0
FNDA:0,(empty-report)
DA:1,0
DA:2,0
DA:3,0
DA:4,0
DA:5,0
DA:6,0
DA:7,0
DA:8,0
DA:9,0
LF:9
LH:0
BRDA:1,0,0,0
BRF:1
BRH:0
end_of_record
